starting execve
==12767== Memcheck, a memory error detector
==12767== Copyright (C) 2002-2017, and GNU GPL'd, by Julian Seward et al.
==12767== Using Valgrind-3.18.1 and LibVEX; rerun with -h for copyright info
==12767== Command: /bin/python3 ./html/cgi/python/
==12767== 
/bin/python3: can't open file '/home/xbaudhuin/project_42/webserv/html/cgi/python/./html/cgi/python/': [Errno 2] No such file or directory
==12767== 
==12767== FILE DESCRIPTORS: 3 open (3 std) at exit.
==12767== 
==12767== HEAP SUMMARY:
==12767==     in use at exit: 471,598 bytes in 83 blocks
==12767==   total heap usage: 1,342 allocs, 1,259 frees, 2,277,902 bytes allocated
==12767== 
==12767== LEAK SUMMARY:
==12767==    definitely lost: 0 bytes in 0 blocks
==12767==    indirectly lost: 0 bytes in 0 blocks
==12767==      possibly lost: 0 bytes in 0 blocks
==12767==    still reachable: 471,598 bytes in 83 blocks
==12767==         suppressed: 0 bytes in 0 blocks
==12767== Rerun with --leak-check=full to see details of leaked memory
==12767== 
==12767== For lists of detected and suppressed errors, rerun with: -s
==12767== ERROR SUMMARY: 0 errors from 0 contexts (suppressed: 0 from 0)
wevserv: Webserv::checkChildsEnd: waitpid: 
webserv: Webserv::start: epoll_wait: Interrupted system call
